<?xml version="1.0" encoding="UTF-8"?>
<!-- Generated by org.testng.reporters.JUnitReportReporter -->
<testsuite hostname="DESKTOP-9MLR40D" failures="0" tests="1" name="tests.BaseClass" time="0.015" errors="0" timestamp="2023-11-01T20:56:50 EDT" skipped="0">
  <testcase classname="tests.BaseClass" name="test" time="0.015"/>
  <system-out/>
</testsuite> <!-- tests.BaseClass -->
